<?xml version="1.0" encoding="UTF-8"?>
<!-- Generated by org.testng.reporters.JUnitReportReporter -->
<testsuite hostname="IRFAN" failures="0" tests="4" name="com.qa.learn.testng.ProjectStructure.AccountsPageTest" time="3.095" errors="0" timestamp="2021-11-19T21:34:20 IST" skipped="0">
  <testcase classname="com.qa.learn.testng.ProjectStructure.AccountsPageTest" name="accountPageUrlTest" time="0.013"/>
  <system-out/>
  <testcase classname="com.qa.learn.testng.ProjectStructure.AccountsPageTest" name="accountsPageFootersTest" time="0.210"/>
  <system-out/>
  <testcase classname="com.qa.learn.testng.ProjectStructure.AccountsPageTest" name="accountPageHeadersTest" time="2.633"/>
  <system-out/>
  <testcase classname="com.qa.learn.testng.ProjectStructure.AccountsPageTest" name="accountsPageList" time="0.239"/>
  <system-out/>
</testsuite> <!-- com.qa.learn.testng.ProjectStructure.AccountsPageTest -->
